2022/05/12 15:05:01 [WPC] whisper client commandline start
2022/05/12 15:05:01 [WPC] parse command: clientstart
2022/05/12 15:05:01 [WPC] start whisper client
2022/05/12 15:05:01 [WPS] start p2p server
2022/05/12 15:05:03 [WPC] action interpreter start
2022/05/12 15:05:33 [WPC] action interpreter end
2022/05/12 15:05:33 [WPC] whisper client commandline stop
022/04/26 20:07:47 [WPC] whisper client commandline stop
nd
2022/04/26 20:00:53 [WPC] whisper client commandline stop
d: from not right.
2022/04/26 19:48:40 [WPC] action interpreter end
2022/04/26 19:48:40 [WPC] whisper client commandline stop
arameters.
2022/04/26 19:47:34 [WPC] action interpreter end
2022/04/26 19:47:34 [WPC] whisper client commandline stop
00851859894652061196138186577657505976406181465249934631302087225101995802133 103284221043760803773333414556902001796648082323185421368760886647598427407258},Content:I know you are doing this.
2022/04/26 11:43:48 [WPS] action command: SEND
2022/04/26 11:43:49 [WPS] Message send: From:{{0xc0000766f0 100851859894652061196138186577657505976406181465249934631302087225101995802133 103284221043760803773333414556902001796648082323185421368760886647598427407258} 74766329906555075195375070577657615783230006542615842800979675986435162035253},To:{0xc0000766f0 86384858631933184569036939360115538714730166926911557591911910227557027806689 32858499921580613350509269959897027993918923110801997626915821971520572432126},Content:I know you are doing this.
2022/04/26 11:43:49 [WPS] action command: SLEEP
2022/04/26 11:44:09 [WPC] auto mode end
2022/04/26 11:44:09 [WPC] whisper client commandline stop
